"../../../../../../Users/MuChenhen/Documents/GitHub/MuQianQiu/QianQiu/Content/image001.uasset" 0
"../../../../../../Users/MuChenhen/Documents/GitHub/MuQianQiu/QianQiu/Content/Splash/EdSplash.uasset" 1
"../../../../../../Users/MuChenhen/Documents/GitHub/MuQianQiu/QianQiu/Content/Splash/Splash.uasset" 2
"../../../../../../Users/MuChenhen/Documents/GitHub/MuQianQiu/QianQiu/Content/Texture/Char/Tex_Char_ARuan_ShanGui.uasset" 3
"../../../../../../Users/MuChenhen/Documents/GitHub/MuQianQiu/QianQiu/Content/Texture/Char/Tex_Char_ARuan_ShenNv.uasset" 4
"../../../../../../Users/MuChenhen/Documents/GitHub/MuQianQiu/QianQiu/Content/Texture/Char/Tex_Char_BaiLiTuSu.uasset" 5
"../../../../../../Users/MuChenhen/Documents/GitHub/MuQianQiu/QianQiu/Content/Texture/Char/Tex_Char_BaiLiTuSu_HeiMao.uasset" 6
"../../../../../../Users/MuChenhen/Documents/GitHub/MuQianQiu/QianQiu/Content/Texture/Char/Tex_Char_BaiLiTuSu_TianYong.uasset" 7
"../../../../../../Users/MuChenhen/Documents/GitHub/MuQianQiu/QianQiu/Content/Texture/Char/Tex_Char_BeiLuo.uasset" 8
"../../../../../../Users/MuChenhen/Documents/GitHub/MuQianQiu/QianQiu/Content/Texture/Char/Tex_Char_BeiLuo_BiXie.uasset" 9
"../../../../../../Users/MuChenhen/Documents/GitHub/MuQianQiu/QianQiu/Content/Texture/Char/Tex_Char_BeiLuo_MianFu.uasset" 10
"../../../../../../Users/MuChenhen/Documents/GitHub/MuQianQiu/QianQiu/Content/Texture/Char/Tex_Char_CenYing.uasset" 11
"../../../../../../Users/MuChenhen/Documents/GitHub/MuQianQiu/QianQiu/Content/Texture/Char/Tex_Char_CenYing_HanDan.uasset" 12
"../../../../../../Users/MuChenhen/Documents/GitHub/MuQianQiu/QianQiu/Content/Texture/Char/Tex_Char_CenYing_JinZhuang.uasset" 13
"../../../../../../Users/MuChenhen/Documents/GitHub/MuQianQiu/QianQiu/Content/Texture/Char/Tex_Char_FangLanSheng.uasset" 14
"../../../../../../Users/MuChenhen/Documents/GitHub/MuQianQiu/QianQiu/Content/Texture/Char/Tex_Char_FangLanSheng_jpg_FuDeng.uasset" 15
"../../../../../../Users/MuChenhen/Documents/GitHub/MuQianQiu/QianQiu/Content/Texture/Char/Tex_Char_FangLanSheng_jpg_LanKun.uasset" 16
"../../../../../../Users/MuChenhen/Documents/GitHub/MuQianQiu/QianQiu/Content/Texture/Char/Tex_Char_FengQingXue.uasset" 17
"../../../../../../Users/MuChenhen/Documents/GitHub/MuQianQiu/QianQiu/Content/Texture/Char/Tex_Char_FengQingXue_FengXi.uasset" 18
"../../../../../../Users/MuChenhen/Documents/GitHub/MuQianQiu/QianQiu/Content/Texture/Char/Tex_Char_FengQingXue_MianYang.uasset" 19
"../../../../../../Users/MuChenhen/Documents/GitHub/MuQianQiu/QianQiu/Content/Texture/Char/Tex_Char_HongYu.uasset" 20
"../../../../../../Users/MuChenhen/Documents/GitHub/MuQianQiu/QianQiu/Content/Texture/Char/Tex_Char_HongYu_DaoFu.uasset" 21
"../../../../../../Users/MuChenhen/Documents/GitHub/MuQianQiu/QianQiu/Content/Texture/Char/Tex_Char_HongYu_TuZi.uasset" 22
"../../../../../../Users/MuChenhen/Documents/GitHub/MuQianQiu/QianQiu/Content/Texture/Char/Tex_Char_HuaYue.uasset" 23
"../../../../../../Users/MuChenhen/Documents/GitHub/MuQianQiu/QianQiu/Content/Texture/Char/Tex_Char_HuaYue_MoHua.uasset" 24
"../../../../../../Users/MuChenhen/Documents/GitHub/MuQianQiu/QianQiu/Content/Texture/Char/Tex_Char_JinYun.uasset" 25
"../../../../../../Users/MuChenhen/Documents/GitHub/MuQianQiu/QianQiu/Content/Texture/Char/Tex_Char_JinYun_XieJia.uasset" 26
"../../../../../../Users/MuChenhen/Documents/GitHub/MuQianQiu/QianQiu/Content/Texture/Char/Tex_Char_JiXuanYuan.uasset" 27
"../../../../../../Users/MuChenhen/Documents/GitHub/MuQianQiu/QianQiu/Content/Texture/Char/Tex_Char_JiXuanYuan_XiuChun.uasset" 28
"../../../../../../Users/MuChenhen/Documents/GitHub/MuQianQiu/QianQiu/Content/Texture/Char/Tex_Char_JiXuanYuan_XuanLu.uasset" 29
"../../../../../../Users/MuChenhen/Documents/GitHub/MuQianQiu/QianQiu/Content/Texture/Char/Tex_Char_LeiZu.uasset" 30
"../../../../../../Users/MuChenhen/Documents/GitHub/MuQianQiu/QianQiu/Content/Texture/Char/Tex_Char_LeiZu_MengZhongRen.uasset" 31
"../../../../../../Users/MuChenhen/Documents/GitHub/MuQianQiu/QianQiu/Content/Texture/Char/Tex_Char_LingYue.uasset" 32
"../../../../../../Users/MuChenhen/Documents/GitHub/MuQianQiu/QianQiu/Content/Texture/Char/Tex_Char_LingYue_ZhangMen.uasset" 33
"../../../../../../Users/MuChenhen/Documents/GitHub/MuQianQiu/QianQiu/Content/Texture/Char/Tex_Char_LiuXiong.uasset" 34
"../../../../../../Users/MuChenhen/Documents/GitHub/MuQianQiu/QianQiu/Content/Texture/Char/Tex_Char_LiuXiong_BiMu.uasset" 35
"../../../../../../Users/MuChenhen/Documents/GitHub/MuQianQiu/QianQiu/Content/Texture/Char/Tex_Char_OuYangShaoGong.uasset" 36
"../../../../../../Users/MuChenhen/Documents/GitHub/MuQianQiu/QianQiu/Content/Texture/Char/Tex_Char_OuYangShaoGong_PengLai.uasset" 37
"../../../../../../Users/MuChenhen/Documents/GitHub/MuQianQiu/QianQiu/Content/Texture/Char/Tex_Char_QianYu.uasset" 38
"../../../../../../Users/MuChenhen/Documents/GitHub/MuQianQiu/QianQiu/Content/Texture/Char/Tex_Char_QianYu_ShuiHui.uasset" 39
"../../../../../../Users/MuChenhen/Documents/GitHub/MuQianQiu/QianQiu/Content/Texture/Char/Tex_Char_QingHeZhenRen.uasset" 40
"../../../../../../Users/MuChenhen/Documents/GitHub/MuQianQiu/QianQiu/Content/Texture/Char/Tex_Char_QingHeZhRen_WenLiu.uasset" 41
"../../../../../../Users/MuChenhen/Documents/GitHub/MuQianQiu/QianQiu/Content/Texture/Char/Tex_Char_ShenXi.uasset" 42
"../../../../../../Users/MuChenhen/Documents/GitHub/MuQianQiu/QianQiu/Content/Texture/Char/Tex_Char_ShenXi_MoHua.uasset" 43
"../../../../../../Users/MuChenhen/Documents/GitHub/MuQianQiu/QianQiu/Content/Texture/Char/Tex_Char_ShenYe.uasset" 44
"../../../../../../Users/MuChenhen/Documents/GitHub/MuQianQiu/QianQiu/Content/Texture/Char/Tex_Char_ShenYe_ZiWei.uasset" 45
"../../../../../../Users/MuChenhen/Documents/GitHub/MuQianQiu/QianQiu/Content/Texture/Char/Tex_Char_SiWei.uasset" 46
"../../../../../../Users/MuChenhen/Documents/GitHub/MuQianQiu/QianQiu/Content/Texture/Char/Tex_Char_SiWei_YanRan.uasset" 47
"../../../../../../Users/MuChenhen/Documents/GitHub/MuQianQiu/QianQiu/Content/Texture/Char/Tex_Char_WenRenYu.uasset" 48
"../../../../../../Users/MuChenhen/Documents/GitHub/MuQianQiu/QianQiu/Content/Texture/Char/Tex_Char_WenRenYu_GuiXiu.uasset" 49
"../../../../../../Users/MuChenhen/Documents/GitHub/MuQianQiu/QianQiu/Content/Texture/Char/Tex_Char_WenRenYu_TianGang.uasset" 50
"../../../../../../Users/MuChenhen/Documents/GitHub/MuQianQiu/QianQiu/Content/Texture/Char/Tex_Char_WuZhao.uasset" 51
"../../../../../../Users/MuChenhen/Documents/GitHub/MuQianQiu/QianQiu/Content/Texture/Char/Tex_Char_WuZhao_TunHen.uasset" 52
"../../../../../../Users/MuChenhen/Documents/GitHub/MuQianQiu/QianQiu/Content/Texture/Char/Tex_Char_XiangLing.uasset" 53
"../../../../../../Users/MuChenhen/Documents/GitHub/MuQianQiu/QianQiu/Content/Texture/Char/Tex_Char_XiangLing_QuanBianJuYing.uasset" 54
"../../../../../../Users/MuChenhen/Documents/GitHub/MuQianQiu/QianQiu/Content/Texture/Char/Tex_Char_XiangLing_XiongMao.uasset" 55
"../../../../../../Users/MuChenhen/Documents/GitHub/MuQianQiu/QianQiu/Content/Texture/Char/Tex_Char_XiaYiZe.uasset" 56
"../../../../../../Users/MuChenhen/Documents/GitHub/MuQianQiu/QianQiu/Content/Texture/Char/Tex_Char_XiaYiZe_JiaoRen.uasset" 57
"../../../../../../Users/MuChenhen/Documents/GitHub/MuQianQiu/QianQiu/Content/Texture/Char/Tex_Char_XiaYiZe_TaiHua.uasset" 58
"../../../../../../Users/MuChenhen/Documents/GitHub/MuQianQiu/QianQiu/Content/Texture/Char/Tex_Char_XieYi.uasset" 59
"../../../../../../Users/MuChenhen/Documents/GitHub/MuQianQiu/QianQiu/Content/Texture/Char/Tex_Char_XieYi_ChuQi.uasset" 60
"../../../../../../Users/MuChenhen/Documents/GitHub/MuQianQiu/QianQiu/Content/Texture/Char/Tex_Char_XuanGeNiShang.uasset" 61
"../../../../../../Users/MuChenhen/Documents/GitHub/MuQianQiu/QianQiu/Content/Texture/Char/Tex_Char_XuanGeNiShang_LiuGuang.uasset" 62
"../../../../../../Users/MuChenhen/Documents/GitHub/MuQianQiu/QianQiu/Content/Texture/Char/Tex_Char_XunFang.uasset" 63
"../../../../../../Users/MuChenhen/Documents/GitHub/MuQianQiu/QianQiu/Content/Texture/Char/Tex_Char_XunFang_JiTong.uasset" 64
"../../../../../../Users/MuChenhen/Documents/GitHub/MuQianQiu/QianQiu/Content/Texture/Char/Tex_Char_YinQianShang.uasset" 65
"../../../../../../Users/MuChenhen/Documents/GitHub/MuQianQiu/QianQiu/Content/Texture/Char/Tex_Char_YinQianShang_DaGou.uasset" 66
"../../../../../../Users/MuChenhen/Documents/GitHub/MuQianQiu/QianQiu/Content/Texture/Char/Tex_Char_YinQianShang_WuXian.uasset" 67
"../../../../../../Users/MuChenhen/Documents/GitHub/MuQianQiu/QianQiu/Content/Texture/Char/Tex_Char_YueWuYi.uasset" 68
"../../../../../../Users/MuChenhen/Documents/GitHub/MuQianQiu/QianQiu/Content/Texture/Char/Tex_Char_YueWuYi_JuanDu.uasset" 69
"../../../../../../Users/MuChenhen/Documents/GitHub/MuQianQiu/QianQiu/Content/Texture/Char/Tex_Char_YueWuYi_YanShi.uasset" 70
"../../../../../../Users/MuChenhen/Documents/GitHub/MuQianQiu/QianQiu/Content/Texture/Char/Tex_Char_YunWuYue.uasset" 71
"../../../../../../Users/MuChenhen/Documents/GitHub/MuQianQiu/QianQiu/Content/Texture/Char/Tex_Char_YunWuYue_HuaShang.uasset" 72
"../../../../../../Users/MuChenhen/Documents/GitHub/MuQianQiu/QianQiu/Content/Texture/Char/Tex_Char_YunWuYue_YanMei.uasset" 73
"../../../../../../Users/MuChenhen/Documents/GitHub/MuQianQiu/QianQiu/Content/Texture/Char/Tex_Char_YuQi.uasset" 74
"../../../../../../Users/MuChenhen/Documents/GitHub/MuQianQiu/QianQiu/Content/Texture/Char/Tex_Char_YuQi_WuMing.uasset" 75
"../../../../../../Users/MuChenhen/Documents/GitHub/MuQianQiu/QianQiu/Content/Texture/Item/Tex_Item_BanHunLian.uasset" 76
"../../../../../../Users/MuChenhen/Documents/GitHub/MuQianQiu/QianQiu/Content/Texture/Item/Tex_Item_FengLai.uasset" 77
"../../../../../../Users/MuChenhen/Documents/GitHub/MuQianQiu/QianQiu/Content/Texture/Item/Tex_Item_HeiLongLinPian.uasset" 78
"../../../../../../Users/MuChenhen/Documents/GitHub/MuQianQiu/QianQiu/Content/Texture/Item/Tex_Item_HuaBan.uasset" 79
"../../../../../../Users/MuChenhen/Documents/GitHub/MuQianQiu/QianQiu/Content/Texture/Item/Tex_Item_HuaYueKongHou.uasset" 80
"../../../../../../Users/MuChenhen/Documents/GitHub/MuQianQiu/QianQiu/Content/Texture/Item/Tex_Item_JiaoTan.uasset" 81
"../../../../../../Users/MuChenhen/Documents/GitHub/MuQianQiu/QianQiu/Content/Texture/Item/Tex_Item_JinQiLin.uasset" 82
"../../../../../../Users/MuChenhen/Documents/GitHub/MuQianQiu/QianQiu/Content/Texture/Item/Tex_Item_LuCao.uasset" 83
"../../../../../../Users/MuChenhen/Documents/GitHub/MuQianQiu/QianQiu/Content/Texture/Item/Tex_Item_MengHunZhi.uasset" 84
"../../../../../../Users/MuChenhen/Documents/GitHub/MuQianQiu/QianQiu/Content/Texture/Item/Tex_Item_QingQiuChenZhongJi.uasset" 85
"../../../../../../Users/MuChenhen/Documents/GitHub/MuQianQiu/QianQiu/Content/Texture/Item/Tex_Item_QingYuSiNanPei.uasset" 86
"../../../../../../Users/MuChenhen/Documents/GitHub/MuQianQiu/QianQiu/Content/Texture/Item/Tex_Item_TongTianZhiQi.uasset" 87
"../../../../../../Users/MuChenhen/Documents/GitHub/MuQianQiu/QianQiu/Content/Texture/Item/Tex_Item_TuZiBaoZhen.uasset" 88
"../../../../../../Users/MuChenhen/Documents/GitHub/MuQianQiu/QianQiu/Content/Texture/Item/Tex_Item_YuShu.uasset" 89
"../../../../../../Users/MuChenhen/Documents/GitHub/MuQianQiu/QianQiu/Content/Texture/Map/Tex_Map_AnLu.uasset" 90
"../../../../../../Users/MuChenhen/Documents/GitHub/MuQianQiu/QianQiu/Content/Texture/Map/Tex_Map_BaiCaoGu.uasset" 91
"../../../../../../Users/MuChenhen/Documents/GitHub/MuQianQiu/QianQiu/Content/Texture/Map/Tex_Map_BaiMengZe.uasset" 92
"../../../../../../Users/MuChenhen/Documents/GitHub/MuQianQiu/QianQiu/Content/Texture/Map/Tex_Map_ChangAn.uasset" 93
"../../../../../../Users/MuChenhen/Documents/GitHub/MuQianQiu/QianQiu/Content/Texture/Map/Tex_Map_ChiShui.uasset" 94
"../../../../../../Users/MuChenhen/Documents/GitHub/MuQianQiu/QianQiu/Content/Texture/Map/Tex_Map_DingHu.uasset" 95
"../../../../../../Users/MuChenhen/Documents/GitHub/MuQianQiu/QianQiu/Content/Texture/Map/Tex_Map_HongYeHu.uasset" 96
"../../../../../../Users/MuChenhen/Documents/GitHub/MuQianQiu/QianQiu/Content/Texture/Map/Tex_Map_JingShuiHu.uasset" 97
"../../../../../../Users/MuChenhen/Documents/GitHub/MuQianQiu/QianQiu/Content/Texture/Map/Tex_Map_JuanDu.uasset" 98
"../../../../../../Users/MuChenhen/Documents/GitHub/MuQianQiu/QianQiu/Content/Texture/Map/Tex_Map_LiuYueCheng.uasset" 99
"../../../../../../Users/MuChenhen/Documents/GitHub/MuQianQiu/QianQiu/Content/Texture/Map/Tex_Map_PengLai.uasset" 100
"../../../../../../Users/MuChenhen/Documents/GitHub/MuQianQiu/QianQiu/Content/Texture/Map/Tex_Map_QinChuan.uasset" 101
"../../../../../../Users/MuChenhen/Documents/GitHub/MuQianQiu/QianQiu/Content/Texture/Map/Tex_Map_QingYuTan.uasset" 102
"../../../../../../Users/MuChenhen/Documents/GitHub/MuQianQiu/QianQiu/Content/Texture/Map/Tex_Map_ShenNvMu.uasset" 103
"../../../../../../Users/MuChenhen/Documents/GitHub/MuQianQiu/QianQiu/Content/Texture/Map/Tex_Map_TaiHuaShan.uasset" 104
"../../../../../../Users/MuChenhen/Documents/GitHub/MuQianQiu/QianQiu/Content/Texture/Map/Tex_Map_TaoHuaGu.uasset" 105
"../../../../../../Users/MuChenhen/Documents/GitHub/MuQianQiu/QianQiu/Content/Texture/Map/Tex_Map_TianLuCheng.uasset" 106
"../../../../../../Users/MuChenhen/Documents/GitHub/MuQianQiu/QianQiu/Content/Texture/Map/Tex_Map_TianYongCheng.uasset" 107
"../../../../../../Users/MuChenhen/Documents/GitHub/MuQianQiu/QianQiu/Content/Texture/Map/Tex_Map_WuMingZhiDi.uasset" 108
"../../../../../../Users/MuChenhen/Documents/GitHub/MuQianQiu/QianQiu/Content/Texture/Map/Tex_Map_WuShan.uasset" 109
"../../../../../../Users/MuChenhen/Documents/GitHub/MuQianQiu/QianQiu/Content/Texture/Map/Tex_Map_WuZhiGuo.uasset" 110
"../../../../../../Users/MuChenhen/Documents/GitHub/MuQianQiu/QianQiu/Content/Texture/Map/Tex_Map_XiLing.uasset" 111
"../../../../../../Users/MuChenhen/Documents/GitHub/MuQianQiu/QianQiu/Content/Texture/Map/Tex_Map_YangPing.uasset" 112
"../../../../../../Users/MuChenhen/Documents/GitHub/MuQianQiu/QianQiu/Content/Texture/Map/Tex_Map_YanLing.uasset" 113
"../../../../../../Users/MuChenhen/Documents/GitHub/MuQianQiu/QianQiu/Content/Texture/Map/Tex_Map_YaoShan.uasset" 114
"../../../../../../Users/MuChenhen/Documents/GitHub/MuQianQiu/QianQiu/Content/Texture/Map/Tex_Map_YouDu.uasset" 115
"../../../../../../Users/MuChenhen/Documents/GitHub/MuQianQiu/QianQiu/Content/Texture/Map/Tex_Map_YouXiong.uasset" 116
"../../../../../../Users/MuChenhen/Documents/GitHub/MuQianQiu/QianQiu/Content/Texture/Map/Tex_Map_ZiRongLin.uasset" 117
"../../../../../../Users/MuChenhen/Documents/GitHub/MuQianQiu/QianQiu/Content/Texture/Pet/Tex_Pet_AXiang.uasset" 118
"../../../../../../Users/MuChenhen/Documents/GitHub/MuQianQiu/QianQiu/Content/Texture/Pet/Tex_Pet_ChanJi.uasset" 119
"../../../../../../Users/MuChenhen/Documents/GitHub/MuQianQiu/QianQiu/Content/Texture/Pet/Tex_Pet_YuanTianShi.uasset" 120
"../../../../../../Users/MuChenhen/Documents/GitHub/MuQianQiu/QianQiu/Content/Texture/Sword/Tex_Sword_BaiShengDao.uasset" 121
"../../../../../../Users/MuChenhen/Documents/GitHub/MuQianQiu/QianQiu/Content/Texture/Sword/Tex_Sword_GuJianFenJi.uasset" 122
"../../../../../../Users/MuChenhen/Documents/GitHub/MuQianQiu/QianQiu/Content/Texture/Sword/Tex_Sword_GuJianHanGuang.uasset" 123
"../../../../../../Users/MuChenhen/Documents/GitHub/MuQianQiu/QianQiu/Content/Texture/Sword/Tex_Sword_GuJianHongYu.uasset" 124
"../../../../../../Users/MuChenhen/Documents/GitHub/MuQianQiu/QianQiu/Content/Texture/Sword/Tex_Sword_TaiSui.uasset" 125
"../../../../../../Users/MuChenhen/Documents/GitHub/MuQianQiu/QianQiu/Content/Texture/Sword/Tex_Sword_TianLu.uasset" 126
"../../../../../../Users/MuChenhen/Documents/GitHub/MuQianQiu/QianQiu/Content/Texture/Sword/Tex_Sword_WangChuan.uasset" 127
"../../../../../../Users/MuChenhen/Documents/GitHub/MuQianQiu/QianQiu/Content/Texture/Sword/Tex_Sword_WuMingZhiJian.uasset" 128
"../../../../../../Users/MuChenhen/Documents/GitHub/MuQianQiu/QianQiu/Content/Texture/Sword/Tex_Sword_ZhaoMing.uasset" 129
"../../../../../../Users/MuChenhen/Documents/GitHub/MuQianQiu/QianQiu/Content/Texture/Char/Tex_Char_ARuan.uasset" 130
"../../../../../../Users/MuChenhen/Documents/GitHub/MuQianQiu/QianQiu/Content/UI/UI_Card.uasset" 131
"../../../../../../Users/MuChenhen/Documents/GitHub/MuQianQiu/QianQiu/Content/UI/UI_StoryShow.uasset" 132
"../../../../../../Users/MuChenhen/Documents/GitHub/MuQianQiu/QianQiu/Content/UI/UI_Test.uasset" 133
"../../../Engine/Content/Animation/DefaultAnimCurveCompressionSettings.uasset" 134
"../../../Engine/Content/Functions/Engine_MaterialFunctions01/Opacity/CameraDepthFade.uasset" 135
"../../../Engine/Content/EngineMaterials/T_Default_Material_Grid_M.uasset" 136
"../../../Engine/Content/EngineMaterials/T_Default_Material_Grid_N.uasset" 137
"../../../Engine/Content/EngineMaterials/WorldGridMaterial.uasset" 138
"../../../Engine/Content/ArtTools/RenderToTexture/Meshes/S_1_Unit_Plane.uasset" 139
"../../../Engine/Content/EngineMaterials/DefaultMaterial.uasset" 140
"../../../Engine/Content/BasicShapes/Cone.uasset" 141
"../../../Engine/Content/BasicShapes/Cube.uasset" 142
"../../../Engine/Content/BasicShapes/Cylinder.uasset" 143
"../../../Engine/Content/BasicShapes/Plane.uasset" 144
"../../../Engine/Content/BasicShapes/Sphere.uasset" 145
"../../../Engine/Content/EditorLandscapeResources/DataLayer.uasset" 146
"../../../Engine/Content/EditorMaterials/MAT_Groups_Toggle.uasset" 147
"../../../Engine/Content/EditorMaterials/MAT_Groups_Visibility.uasset" 148
"../../../Engine/Content/EditorMaterials/PreviewShadowIndicator.uasset" 149
"../../../Engine/Content/EditorMaterials/PreviewShadowIndicatorMaterial.uasset" 150
"../../../Engine/Content/EditorMaterials/MatineeGroups/MAT_ColorTrack.uasset" 151
"../../../Engine/Content/EditorMaterials/MatineeGroups/MAT_Groups_Anim.uasset" 152
"../../../Engine/Content/EditorMaterials/MatineeGroups/MAT_Groups_AudioMaster.uasset" 153
"../../../Engine/Content/EditorMaterials/MatineeGroups/MAT_Groups_Director.uasset" 154
"../../../Engine/Content/EditorMaterials/MatineeGroups/MAT_Groups_Event.uasset" 155
"../../../Engine/Content/EditorMaterials/MatineeGroups/MAT_Groups_Fade.uasset" 156
"../../../Engine/Content/EditorMaterials/MatineeGroups/MAT_Groups_Float.uasset" 157
"../../../Engine/Content/EditorMaterials/MatineeGroups/MAT_Groups_Move.uasset" 158
"../../../Engine/Content/EditorMaterials/MatineeGroups/MAT_Groups_Slomo.uasset" 159
"../../../Engine/Content/EditorMaterials/MatineeGroups/MAT_Groups_Sound.uasset" 160
"../../../Engine/Content/EditorMaterials/MatineeGroups/MAT_Groups_Vector.uasset" 161
"../../../Engine/Content/EditorMaterials/ParticleSystems/PSysThumbnail_NoImage.uasset" 162
"../../../Engine/Content/EditorMaterials/ParticleSystems/PSysThumbnail_OOD.uasset" 163
"../../../Engine/Content/EditorMaterials/Camera/CineMat.uasset" 164
"../../../Engine/Content/EditorMaterials/Camera/MI_CineMat_Rig.uasset" 165
"../../../Engine/Content/EditorMeshes/Camera/SM_CraneRig_Arm.uasset" 166
"../../../Engine/Content/EditorMeshes/Camera/SM_CraneRig_Base.uasset" 167
"../../../Engine/Content/EditorMeshes/Camera/SM_CraneRig_Body.uasset" 168
"../../../Engine/Content/EditorMeshes/Camera/SM_CraneRig_Mount.uasset" 169
"../../../Engine/Content/EditorMeshes/Camera/SM_RailRig_Mount.uasset" 170
"../../../Engine/Content/EditorMeshes/Camera/SM_RailRig_Track.uasset" 171
"../../../Engine/Content/EditorResources/BSPVertex.uasset" 172
"../../../Engine/Content/EditorResources/EmptyActor.uasset" 173
"../../../Engine/Content/EditorResources/S_Actor.uasset" 174
"../../../Engine/Content/EditorResources/S_Note.uasset" 175
"../../../Engine/Content/EditorResources/S_Solver.uasset" 176
"../../../Engine/Content/EditorResources/S_Trigger.uasset" 177
"../../../Engine/Content/EditorResources/LightIcons/S_LightError.uasset" 178
"../../../Engine/Content/EditorResources/SequenceRecorder/Countdown.uasset" 179
"../../../Engine/Content/EditorResources/SequenceRecorder/RecordingIndicator.uasset" 180
"../../../Engine/Content/EditorSounds/Notifications/CompileFailed.uasset" 181
"../../../Engine/Content/EditorSounds/Notifications/CompileFailed_Cue.uasset" 182
"../../../Engine/Content/EditorSounds/Notifications/CompileSuccess.uasset" 183
"../../../Engine/Content/EditorSounds/Notifications/CompileStart_Cue.uasset" 184
"../../../Engine/Content/EditorSounds/Notifications/CompileSuccess_Cue.uasset" 185
"../../../Engine/Content/EngineDamageTypes/DmgTypeBP_Environmental.uasset" 186
"../../../Engine/Content/EngineDebugMaterials/DebugEditorMaterial.uasset" 187
"../../../Engine/Content/EngineDebugMaterials/DebugMeshMaterial.uasset" 188
"../../../Engine/Content/EngineDebugMaterials/M_SimpleUnlitTranslucent.uasset" 189
"../../../Engine/Content/Functions/Engine_MaterialFunctions02/Utility/CameraDirectionVector.uasset" 190
"../../../Engine/Content/EngineDebugMaterials/VolumeToRender.uasset" 191
"../../../Engine/Content/EngineDebugMaterials/M_VolumeRenderSphereTracePP.uasset" 192
"../../../Engine/Content/EngineDebugMaterials/WireframeMaterial.uasset" 193
"../../../Engine/Content/EngineFonts/Faces/DroidSansFallback.uasset" 194
"../../../Engine/Content/EngineFonts/Faces/RobotoBold.uasset" 195
"../../../Engine/Content/EngineFonts/Faces/RobotoBoldItalic.uasset" 196
"../../../Engine/Content/EngineFonts/Faces/RobotoItalic.uasset" 197
"../../../Engine/Content/EngineFonts/Faces/RobotoLight.uasset" 198
"../../../Engine/Content/EngineFonts/Faces/RobotoRegular.uasset" 199
"../../../Engine/Content/EngineFonts/Roboto.uasset" 200
"../../../Engine/Content/EngineMaterials/BaseFlattenDiffuseMap.uasset" 201
"../../../Engine/Content/EngineMaterials/BaseFlattenEmissiveMap.uasset" 202
"../../../Engine/Content/EngineMaterials/BaseFlattenGrayscaleMap.uasset" 203
"../../../Engine/Content/EngineMaterials/BaseFlattenNormalMap.uasset" 204
"../../../Engine/Content/EngineMaterials/BaseFlattenMaterial.uasset" 205
"../../../Engine/Content/EngineMaterials/BlueNoise.uasset" 206
"../../../Engine/Content/EngineMaterials/DefaultBloomKernel.uasset" 207
"../../../Engine/Content/EngineMaterials/DefaultBokeh.uasset" 208
"../../../Engine/Content/EngineMaterials/DefaultDiffuse.uasset" 209
"../../../Engine/Content/EngineMaterials/DefaultDeferredDecalMaterial.uasset" 210
"../../../Engine/Content/EngineMaterials/DefaultLightFunctionMaterial.uasset" 211
"../../../Engine/Content/EngineMaterials/DefaultPhysicalMaterial.uasset" 212
"../../../Engine/Content/Functions/Engine_MaterialFunctions02/Utility/BreakOutFloat2Components.uasset" 213
"../../../Engine/Content/EngineMaterials/DefaultPostProcessMaterial.uasset" 214
"../../../Engine/Content/EngineFonts/RobotoDistanceField.uasset" 215
"../../../Engine/Content/EngineMaterials/DefaultTextMaterialOpaque.uasset" 216
"../../../Engine/Content/EngineMaterials/DefaultWhiteGrid.uasset" 217
"../../../Engine/Content/EngineMaterials/DefaultWhiteGrid_Low.uasset" 218
"../../../Engine/Content/EngineMaterials/EmissiveMeshMaterial.uasset" 219
"../../../Engine/Content/EngineMaterials/GizmoMaterial.uasset" 220
"../../../Engine/Content/EngineMaterials/Good64x64TilingNoiseHighFreq.uasset" 221
"../../../Engine/Content/EngineMaterials/MiniFont.uasset" 222
"../../../Engine/Content/EngineMaterials/InvalidLightmapSettings.uasset" 223
"../../../Engine/Content/EngineMaterials/M_InvalidLightmapSettings.uasset" 224
"../../../Engine/Content/Functions/Engine_MaterialFunctions02/WorldPositionOffset/CameraOffset.uasset" 225
"../../../Engine/Content/EngineMaterials/PhAT_JointLimitMaterial.uasset" 226
"../../../Engine/Content/EngineMaterials/PreintegratedSkinBRDF.uasset" 227
"../../../Engine/Content/EngineMaterials/RemoveSurfaceMaterial.uasset" 228
"../../../Engine/Content/EngineMaterials/WeightMapPlaceholderTexture.uasset" 229
"../../../Engine/Content/EngineResources/WhiteSquareTexture.uasset" 230
"../../../Engine/Content/EngineMaterials/Widget3DPassThrough.uasset" 231
"../../../Engine/Content/EngineMaterials/Widget3DPassThrough_Masked.uasset" 232
"../../../Engine/Content/EngineMaterials/Widget3DPassThrough_Opaque.uasset" 233
"../../../Engine/Content/EngineMaterials/Widget3DPassThrough_Masked_OneSided.uasset" 234
"../../../Engine/Content/EngineMaterials/Widget3DPassThrough_Opaque_OneSided.uasset" 235
"../../../Engine/Content/EngineMaterials/Widget3DPassThrough_Translucent.uasset" 236
"../../../Engine/Content/EngineMaterials/Widget3DPassThrough_Translucent_OneSided.uasset" 237
"../../../Engine/Content/EngineMeshes/Cylinder.uasset" 238
"../../../Engine/Content/EngineMeshes/Sphere.uasset" 239
"../../../Engine/Content/EngineResources/Black.uasset" 240
"../../../Engine/Content/EngineResources/DefaultTexture.uasset" 241
"../../../Engine/Content/EngineResources/DefaultTextureCube.uasset" 242
"../../../Engine/Content/EngineResources/DefaultVolumeTexture2D.uasset" 243
"../../../Engine/Content/EngineResources/DefaultVolumeTexture.uasset" 244
"../../../Engine/Content/EngineResources/GradientTexture0.uasset" 245
"../../../Engine/Content/EngineSounds/Master.uasset" 246
"../../../Engine/Content/Functions/Engine_MaterialFunctions01/Shading/ConvertFromDiffSpec.uasset" 247
"../../../Engine/Content/Functions/Engine_MaterialFunctions01/Shading/PowerToRoughness.uasset" 248
"../../../Engine/Content/Maps/Templates/Thumbnails/Default.uasset" 249
"../../../Engine/Content/Maps/Templates/Thumbnails/TimeOfDay.uasset" 250
"../../../Engine/Content/Maps/Templates/Thumbnails/VR-Basic.uasset" 251
"../../../Engine/Content/MobileResources/T_MobileControls_texture.uasset" 252
"../../../Engine/Content/MobileResources/T_MobileMenu2.uasset" 253
"../../../Engine/Content/MobileResources/HUD/AnalogHat.uasset" 254
"../../../Engine/Content/MobileResources/HUD/VirtualJoystick_Background.uasset" 255
"../../../Engine/Content/MobileResources/HUD/VirtualJoystick_Thumb.uasset" 256
"../../../Engine/Content/MobileResources/HUD/DefaultVirtualJoysticks.uasset" 257
"../../../Engine/Content/MobileResources/HUD/LeftVirtualJoystickOnly.uasset" 258
"../../../Engine/Content/MobileResources/HUD/MobileHUDButton1_off.uasset" 259
"../../../Engine/Content/MobileResources/HUD/MobileHUDButton1_on.uasset" 260
"../../../Engine/Content/MobileResources/HUD/MobileHUDButton2_off.uasset" 261
"../../../Engine/Content/MobileResources/HUD/MobileHUDButton2_on.uasset" 262
"../../../Engine/Content/MobileResources/HUD/MobileHUDButton3.uasset" 263
"../../../Engine/Content/MobileResources/HUD/MobileHUDButtonFire.uasset" 264
"../../../Engine/Content/MobileResources/HUD/MobileHUDDirectionPad.uasset" 265
"../../../Engine/Content/MobileResources/HUD/MobileHUDDirectionPad2.uasset" 266
"../../../Engine/Content/MobileResources/HUD/MobileHUDDirectionPad3.uasset" 267
"../../../Engine/Content/MobileResources/HUD/MobileHUDDirectionStick.uasset" 268
"../../../Engine/Content/MobileResources/HUD/T_Castle_ThumbstickInner.uasset" 269
"../../../Engine/Content/MobileResources/HUD/T_Castle_ThumbstickOutter.uasset" 270
"../../../Engine/Content/Tutorial/ContentIntroCurve.uasset" 271
"../../../Engine/Content/Tutorial/Basics/LevelEditorAttract.uasset" 272
"../../../Engine/Content/Tutorial/Basics/TutorialAssets/icon_tab_Levels_40x.uasset" 273
"../../../Engine/Content/Tutorial/Basics/LevelEditorOverview.uasset" 274
"../../../Engine/Content/VREditor/LaserPointer/VR_LaserPower_01.uasset" 275
"../../../Engine/Content/VREditor/TransformGizmo/TransformGizmoMaterial.uasset" 276
"../../../Engine/Content/VREditor/TransformGizmo/TranslucentTransformGizmoMaterial.uasset" 277
"../../../Engine/Content/VREditor/TransformGizmo/BoundingBoxCorner.uasset" 278
"../../../Engine/Content/VREditor/TransformGizmo/BoundingBoxEdge.uasset" 279
"../../../Engine/Content/VREditor/TransformGizmo/PlaneTranslationHandle.uasset" 280
"../../../Engine/Content/VREditor/TransformGizmo/Main.uasset" 281
"../../../Engine/Content/VREditor/TransformGizmo/Xray.uasset" 282
"../../../Engine/Content/VREditor/TransformGizmo/SM_Sequencer_Key.uasset" 283
"../../../Engine/Content/VREditor/TransformGizmo/SM_Sequencer_Node.uasset" 284
"../../Plugins/2D/Paper2D/Content/PlaceholderTextures/DummySpriteTexture.uasset" 285
"../../Plugins/2D/Paper2D/Content/DummySprite.uasset" 286
"../../Plugins/2D/Paper2D/Content/DefaultPaperTerrainMaterial.uasset" 287
"../../Plugins/2D/Paper2D/Content/DefaultSpriteMaterial.uasset" 288
"../../Plugins/2D/Paper2D/Content/MaskedUnlitSpriteMaterial.uasset" 289
"../../Plugins/2D/Paper2D/Content/OpaqueUnlitSpriteMaterial.uasset" 290
"../../Plugins/FX/Niagara/Content/Enums/ENiagaraBooleanLogicOps.uasset" 291
"../../Plugins/FX/Niagara/Content/Enums/ENiagaraCoordinateSpace.uasset" 292
"../../Plugins/FX/Niagara/Content/Enums/ENiagaraExpansionMode.uasset" 293
"../../Plugins/FX/Niagara/Content/Enums/ENiagaraOrientationAxis.uasset" 294
"../../Plugins/FX/Niagara/Content/Enums/ENiagaraRandomnessMode.uasset" 295
"../../../Engine/Content/Functions/Engine_MaterialFunctions02/Utility/BreakOutFloat4Components.uasset" 296
"../../../Engine/Content/Functions/Engine_MaterialFunctions02/Utility/MakeFloat2.uasset" 297
"../../../Engine/Content/Functions/Engine_MaterialFunctions02/Utility/MakeFloat3.uasset" 298
"../../Plugins/Runtime/Oculus/OculusVR/Content/Materials/OculusMR_ChromaKey.uasset" 299
"../../Plugins/Runtime/Oculus/OculusVR/Content/Materials/OculusMR_ChromaKey_Lit.uasset" 300
"../../Plugins/Runtime/Oculus/OculusVR/Content/Materials/OculusMR_OpaqueColoredMaterial.uasset" 301
"../../Plugins/Runtime/Oculus/OculusVR/Content/Materials/OculusMR_WhiteMaterial.uasset" 302
"../../../../../../Users/MuChenhen/Documents/GitHub/MuQianQiu/QianQiu/Content/Font/HanBiaoDuGuLiShu-2.uasset" 303
"../../../../../../Users/MuChenhen/Documents/GitHub/MuQianQiu/QianQiu/Content/Font/HanBiaoDuGuLiShu-2_Font.uasset" 304
"../../../../../../Users/MuChenhen/Documents/GitHub/MuQianQiu/QianQiu/Content/UI/UI_CardDetail.uasset" 305
"../../../../../../Users/MuChenhen/Documents/GitHub/MuQianQiu/QianQiu/Content/Texture/Tex_Card_Back.uasset" 306
"../../../../../../Users/MuChenhen/Documents/GitHub/MuQianQiu/QianQiu/Content/UI/UI_CardPool.uasset" 307
"../../../../../../Users/MuChenhen/Documents/GitHub/MuQianQiu/QianQiu/Content/UI/UI_CardPoolEnenmy.uasset" 308
"../../../../../../Users/MuChenhen/Documents/GitHub/MuQianQiu/QianQiu/Content/UI/UI_CardPoolPlayer.uasset" 309
"../../../../../../Users/MuChenhen/Documents/GitHub/MuQianQiu/QianQiu/Content/UI/UI_CardHeal.uasset" 310
"../../../../../../Users/MuChenhen/Documents/GitHub/MuQianQiu/QianQiu/Content/UI/UI_PlayerScore.uasset" 311
"../../../../../../Users/MuChenhen/Documents/GitHub/MuQianQiu/QianQiu/Content/UI/UI_Main.uasset" 312
"../../../../../../Users/MuChenhen/Documents/GitHub/MuQianQiu/QianQiu/Content/UI/UI_Begin.uasset" 313
"../../../../../../Users/MuChenhen/Documents/GitHub/MuQianQiu/QianQiu/Content/MainMap.umap" 314
"../../../Engine/Content/Maps/Entry_BuiltData.uasset" 315
"../../../Engine/Content/Maps/Entry.umap" 316
